<?xml version="1.0" encoding="UTF-8"?>
<robot generator="Robot 3.1.2 (Python 3.8.2 on win32)" generated="20200518 16:44:07.802" rpa="false">
<suite id="s1" name="TC001" source="C:\Users\vaisa\PycharmProjects\RFRealProject1\Testcases\TC001.robot">
<test id="s1-t1" name="TC_Test1">
<kw name="Open Browser" library="SeleniumLibrary">
<doc>Opens a new browser instance to the optional ``url``.</doc>
<arguments>
<arg>${url}</arg>
<arg>${Browser}</arg>
</arguments>
<msg timestamp="20200518 16:44:10.018" level="INFO">Opening browser 'Chrome' to base url 'https://www.worldometers.info/coronavirus/country/india/'.</msg>
<status status="PASS" starttime="20200518 16:44:10.017" endtime="20200518 16:44:20.611"></status>
</kw>
<kw name="Maximize Browser Window" library="SeleniumLibrary">
<doc>Maximizes current browser window.</doc>
<status status="PASS" starttime="20200518 16:44:20.612" endtime="20200518 16:44:24.922"></status>
</kw>
<kw name="Get Text" library="SeleniumLibrary">
<doc>Returns the text value of the element identified by ``locator``.</doc>
<arguments>
<arg>(//div[@class="maincounter-number"])[1]</arg>
</arguments>
<assign>
<var>${cases}</var>
</assign>
<msg timestamp="20200518 16:44:25.038" level="INFO">${cases} = 96,169</msg>
<status status="PASS" starttime="20200518 16:44:24.924" endtime="20200518 16:44:25.038"></status>
</kw>
<kw name="Get Text" library="SeleniumLibrary">
<doc>Returns the text value of the element identified by ``locator``.</doc>
<arguments>
<arg>(//div[@class="maincounter-number"])[2]</arg>
</arguments>
<assign>
<var>${deaths}</var>
</assign>
<msg timestamp="20200518 16:44:25.119" level="INFO">${deaths} = 3,029</msg>
<status status="PASS" starttime="20200518 16:44:25.039" endtime="20200518 16:44:25.119"></status>
</kw>
<kw name="Get Text" library="SeleniumLibrary">
<doc>Returns the text value of the element identified by ``locator``.</doc>
<arguments>
<arg>(//div[@class="maincounter-number"])[3]</arg>
</arguments>
<assign>
<var>${recovered}</var>
</assign>
<msg timestamp="20200518 16:44:25.241" level="INFO">${recovered} = 36,824</msg>
<status status="PASS" starttime="20200518 16:44:25.120" endtime="20200518 16:44:25.241"></status>
</kw>
<kw name="Log To Console" library="BuiltIn">
<doc>Logs the given message to the console.</doc>
<arguments>
<arg>${cases}</arg>
</arguments>
<status status="PASS" starttime="20200518 16:44:25.244" endtime="20200518 16:44:25.245"></status>
</kw>
<kw name="Log To Console" library="BuiltIn">
<doc>Logs the given message to the console.</doc>
<arguments>
<arg>${deaths}</arg>
</arguments>
<status status="PASS" starttime="20200518 16:44:25.246" endtime="20200518 16:44:25.247"></status>
</kw>
<kw name="Log To Console" library="BuiltIn">
<doc>Logs the given message to the console.</doc>
<arguments>
<arg>${recovered}</arg>
</arguments>
<status status="PASS" starttime="20200518 16:44:25.248" endtime="20200518 16:44:25.248"></status>
</kw>
<kw name="update latest data" library="TC_Resource1">
<arguments>
<arg>${cases}</arg>
<arg>${deaths}</arg>
<arg>${recovered}</arg>
</arguments>
<kw name="Update Covid Data" library="Lib1">
<arguments>
<arg>${cases}</arg>
<arg>${deaths}</arg>
<arg>${recovered}</arg>
</arguments>
<status status="PASS" starttime="20200518 16:44:25.250" endtime="20200518 16:44:25.392"></status>
</kw>
<status status="PASS" starttime="20200518 16:44:25.249" endtime="20200518 16:44:25.393"></status>
</kw>
<kw name="Close Browser" library="SeleniumLibrary">
<doc>Closes the current browser.</doc>
<status status="PASS" starttime="20200518 16:44:25.568" endtime="20200518 16:44:29.549"></status>
</kw>
<status status="PASS" starttime="20200518 16:44:10.016" endtime="20200518 16:44:29.550" critical="yes"></status>
</test>
<status status="PASS" starttime="20200518 16:44:07.806" endtime="20200518 16:44:29.553"></status>
</suite>
<statistics>
<total>
<stat pass="1" fail="0">Critical Tests</stat>
<stat pass="1" fail="0">All Tests</stat>
</total>
<tag>
</tag>
<suite>
<stat pass="1" fail="0" id="s1" name="TC001">TC001</stat>
</suite>
</statistics>
<errors>
</errors>
</robot>
